0 info it worked if it ends with ok
1 verbose cli [ 'node', '/home/rish/npm/bin/npm', 'update', '-g', 'bower' ]
2 info using npm@1.4.7
3 info using node@v0.10.29
4 verbose node symlink /usr/bin/node
5 verbose url raw bower
6 verbose url resolving [ 'https://registry.npmjs.org/', './bower' ]
7 verbose url resolved https://registry.npmjs.org/bower
8 info trying registry request attempt 1 at 01:32:25
9 verbose etag "1XPUKEPQTZKBL4EZGR44S5ZFI"
10 http GET https://registry.npmjs.org/bower
11 http 304 https://registry.npmjs.org/bower
12 silly registry.get cb [ 304,
12 silly registry.get   { date: 'Fri, 11 Jul 2014 20:02:27 GMT',
12 silly registry.get     server: 'Apache',
12 silly registry.get     via: '1.1 varnish',
12 silly registry.get     'last-modified': 'Fri, 11 Jul 2014 20:02:28 GMT',
12 silly registry.get     'cache-control': 'max-age=30',
12 silly registry.get     etag: '"1XPUKEPQTZKBL4EZGR44S5ZFI"',
12 silly registry.get     'x-served-by': 'cache-fra1229-FRA',
12 silly registry.get     'x-cache': 'MISS',
12 silly registry.get     'x-cache-hits': '0',
12 silly registry.get     'x-timer': 'S1405108947.929493,VS0,VE430',
12 silly registry.get     vary: 'Accept',
12 silly registry.get     'content-length': '0',
12 silly registry.get     'keep-alive': 'timeout=10, max=50',
12 silly registry.get     connection: 'Keep-Alive' } ]
13 verbose etag bower from cache
14 info outdated updating [ [ '/home/rish/npm/lib', 'bower', '1.3.3', '1.3.7', '1.3.7', '*' ] ]
15 verbose install where,what [ '/home/rish/npm/lib', [ 'bower@1.3.7' ] ]
16 verbose cache add [ 'bower@1.3.7', null ]
17 verbose cache add name=undefined spec="bower@1.3.7" args=["bower@1.3.7",null]
18 verbose parsed url { protocol: null,
18 verbose parsed url   slashes: null,
18 verbose parsed url   auth: null,
18 verbose parsed url   host: null,
18 verbose parsed url   port: null,
18 verbose parsed url   hostname: null,
18 verbose parsed url   hash: null,
18 verbose parsed url   search: null,
18 verbose parsed url   query: null,
18 verbose parsed url   pathname: 'bower@1.3.7',
18 verbose parsed url   path: 'bower@1.3.7',
18 verbose parsed url   href: 'bower@1.3.7' }
19 verbose cache add name="bower" spec="1.3.7" args=["bower","1.3.7"]
20 verbose parsed url { protocol: null,
20 verbose parsed url   slashes: null,
20 verbose parsed url   auth: null,
20 verbose parsed url   host: null,
20 verbose parsed url   port: null,
20 verbose parsed url   hostname: null,
20 verbose parsed url   hash: null,
20 verbose parsed url   search: null,
20 verbose parsed url   query: null,
20 verbose parsed url   pathname: '1.3.7',
20 verbose parsed url   path: '1.3.7',
20 verbose parsed url   href: '1.3.7' }
21 verbose addNamed [ 'bower', '1.3.7' ]
22 verbose addNamed [ '1.3.7', '1.3.7' ]
23 silly lockFile 6e65032a-bower-1-3-7 bower@1.3.7
24 verbose lock bower@1.3.7 /home/rish/.npm/6e65032a-bower-1-3-7.lock
25 verbose registry.get bower not expired, no request
26 silly lockFile 080c68d5--npmjs-org-bower-bower-1-3-7-tgz https://registry.npmjs.org/bower/-/bower-1.3.7.tgz
27 verbose lock https://registry.npmjs.org/bower/-/bower-1.3.7.tgz /home/rish/.npm/080c68d5--npmjs-org-bower-bower-1-3-7-tgz.lock
28 verbose addRemoteTarball [ 'https://registry.npmjs.org/bower/-/bower-1.3.7.tgz',
28 verbose addRemoteTarball   '498c3112c26d69eec3e17f00f760bccd7e4ac004' ]
29 silly lockFile 080c68d5--npmjs-org-bower-bower-1-3-7-tgz https://registry.npmjs.org/bower/-/bower-1.3.7.tgz
30 silly lockFile 080c68d5--npmjs-org-bower-bower-1-3-7-tgz https://registry.npmjs.org/bower/-/bower-1.3.7.tgz
31 silly lockFile 6e65032a-bower-1-3-7 bower@1.3.7
32 silly lockFile 6e65032a-bower-1-3-7 bower@1.3.7
33 error Error: EACCES, mkdir '/home/rish/tmp/npm-14498-EkWSSmP5'
33 error  { [Error: EACCES, mkdir '/home/rish/tmp/npm-14498-EkWSSmP5']
33 error   errno: 3,
33 error   code: 'EACCES',
33 error   path: '/home/rish/tmp/npm-14498-EkWSSmP5' }
34 error Please try running this command again as root/Administrator.
35 error System Linux 3.11.0-24-generic
36 error command "node" "/home/rish/npm/bin/npm" "update" "-g" "bower"
37 error cwd /home/rish/www/projects/blogthingy/angular
38 error node -v v0.10.29
39 error npm -v 1.4.7
40 error path /home/rish/tmp/npm-14498-EkWSSmP5
41 error code EACCES
42 error errno 3
43 error stack Error: EACCES, mkdir '/home/rish/tmp/npm-14498-EkWSSmP5'
44 verbose exit [ 3, true ]
